0 info it worked if it ends with ok
1 verbose cli [ 'E:\\Program Files\\nodejs\\\\node.exe',
1 verbose cli   'E:\\Program Files\\nodejs\\node_modules\\npm\\bin\\npm-cli.js',
1 verbose cli   'publish',
1 verbose cli   'e:/eelly' ]
2 info using npm@1.4.28
3 info using node@v0.10.32
4 verbose node symlink E:\Program Files\nodejs\\node.exe
5 verbose publish [ 'e:/eelly' ]
6 verbose cache add [ 'e:/eelly', null ]
7 verbose cache add name=undefined spec="e:/eelly" args=["e:/eelly",null]
8 verbose parsed url { protocol: 'e:',
8 verbose parsed url   slashes: null,
8 verbose parsed url   auth: null,
8 verbose parsed url   host: '',
8 verbose parsed url   port: null,
8 verbose parsed url   hostname: '',
8 verbose parsed url   hash: null,
8 verbose parsed url   search: null,
8 verbose parsed url   query: null,
8 verbose parsed url   pathname: '/eelly',
8 verbose parsed url   path: '/eelly',
8 verbose parsed url   href: 'e:/eelly' }
9 silly lockFile 8ce0dea7-e-eelly e:/eelly
10 verbose lock e:/eelly C:\Users\橙子\AppData\Roaming\npm-cache\8ce0dea7-e-eelly.lock
11 verbose tar pack [ 'C:\\Users\\橙子\\AppData\\Roaming\\npm-cache\\eelly\\0.0.2\\package.tgz',
11 verbose tar pack   'e:/eelly' ]
12 verbose tarball C:\Users\橙子\AppData\Roaming\npm-cache\eelly\0.0.2\package.tgz
13 verbose folder e:/eelly
14 info prepublish eelly@0.0.2
15 silly lockFile 603fbe75-tar-e-eelly tar://e:/eelly
16 verbose lock tar://e:/eelly C:\Users\橙子\AppData\Roaming\npm-cache\603fbe75-tar-e-eelly.lock
17 silly lockFile dfcf5a4d-pm-cache-eelly-0-0-2-package-tgz tar://C:\Users\橙子\AppData\Roaming\npm-cache\eelly\0.0.2\package.tgz
18 verbose lock tar://C:\Users\橙子\AppData\Roaming\npm-cache\eelly\0.0.2\package.tgz C:\Users\橙子\AppData\Roaming\npm-cache\dfcf5a4d-pm-cache-eelly-0-0-2-package-tgz.lock
19 silly lockFile 603fbe75-tar-e-eelly tar://e:/eelly
20 silly lockFile 603fbe75-tar-e-eelly tar://e:/eelly
21 silly lockFile dfcf5a4d-pm-cache-eelly-0-0-2-package-tgz tar://C:\Users\橙子\AppData\Roaming\npm-cache\eelly\0.0.2\package.tgz
22 silly lockFile dfcf5a4d-pm-cache-eelly-0-0-2-package-tgz tar://C:\Users\橙子\AppData\Roaming\npm-cache\eelly\0.0.2\package.tgz
23 silly lockFile c4c16296-ng-npm-cache-eelly-0-0-2-package C:\Users\橙子\AppData\Roaming\npm-cache\eelly\0.0.2\package
24 verbose lock C:\Users\橙子\AppData\Roaming\npm-cache\eelly\0.0.2\package C:\Users\橙子\AppData\Roaming\npm-cache\c4c16296-ng-npm-cache-eelly-0-0-2-package.lock
25 silly lockFile c4c16296-ng-npm-cache-eelly-0-0-2-package C:\Users\橙子\AppData\Roaming\npm-cache\eelly\0.0.2\package
26 silly lockFile c4c16296-ng-npm-cache-eelly-0-0-2-package C:\Users\橙子\AppData\Roaming\npm-cache\eelly\0.0.2\package
27 silly lockFile 8ce0dea7-e-eelly e:/eelly
28 silly lockFile 8ce0dea7-e-eelly e:/eelly
29 silly publish { name: 'eelly',
29 silly publish   version: '0.0.2',
29 silly publish   description: 'eelly',
29 silly publish   main: 'eelly.js',
29 silly publish   scripts: { test: 'echo "Error: no test specified" && exit 1' },
29 silly publish   keywords: [ 'fis' ],
29 silly publish   author: { name: 'zqc' },
29 silly publish   license: 'BSD',
29 silly publish   dependencies: { fis: '^1.8.6' },
29 silly publish   readme: '# eelly test',
29 silly publish   readmeFilename: 'README.md',
29 silly publish   _id: 'eelly@0.0.2',
29 silly publish   _shasum: 'fc78573b6e03137e05cfca955ca7b2139ba22819',
29 silly publish   _from: 'e:/eelly' }
30 verbose request where is /eelly
31 verbose request registry https://registry.npmjs.org/
32 verbose request id 5a7b72a630aac3d5
33 verbose url raw /eelly
34 verbose url resolving [ 'https://registry.npmjs.org/', './eelly' ]
35 verbose url resolved https://registry.npmjs.org/eelly
36 verbose request where is https://registry.npmjs.org/eelly
37 info trying registry request attempt 1 at 11:24:42
38 http PUT https://registry.npmjs.org/eelly
39 http 403 https://registry.npmjs.org/eelly
40 verbose headers { date: 'Sun, 07 Dec 2014 03:24:47 GMT',
40 verbose headers   server: 'CouchDB/1.5.0 (Erlang OTP/R16B03)',
40 verbose headers   'content-type': 'application/json',
40 verbose headers   'cache-control': 'max-age=60',
40 verbose headers   'content-length': '1550',
40 verbose headers   'accept-ranges': 'bytes',
40 verbose headers   via: '1.1 varnish',
40 verbose headers   'x-served-by': 'cache-ty66-TYO',
40 verbose headers   'x-cache': 'MISS',
40 verbose headers   'x-cache-hits': '0',
40 verbose headers   'x-timer': 'S1417922687.488956,VS0,VE492',
40 verbose headers   'keep-alive': 'timeout=10, max=50',
40 verbose headers   connection: 'Keep-Alive' }
41 error publish Failed PUT 403
42 error Error: forbidden cannot modify pre-existing version: 0.0.2
42 error old={"name":"eelly","version":"0.0.2","description":"eelly","main":"eelly.js","scripts":{"test":"echo \"Error: no test specified\" && exit 1"},"keywords":["fis"],"author":{"name":"zqc"},"license":"BSD","dependencies":{"fis":"^1.8.6"},"_id":"eelly@0.0.2","_shasum":"07ab4b8e6f2f1d1aa5bc8f3fc7b7d6e6e3c37c61","_from":"e:/eelly","_npmVersion":"1.4.28","_npmUser":{"name":"zhanqiancheng","email":"chocolate0607@163.com"},"maintainers":[{"name":"zhanqiancheng","email":"chocolate0607@163.com"}],"dist":{"shasum":"07ab4b8e6f2f1d1aa5bc8f3fc7b7d6e6e3c37c61","tarball":"http://registry.npmjs.org/eelly/-/eelly-0.0.2.tgz"}}
42 error new={"name":"eelly","version":"0.0.2","description":"eelly","main":"eelly.js","scripts":{"test":"echo \"Error: no test specified\" && exit 1"},"keywords":["fis"],"author":{"name":"zqc"},"license":"BSD","dependencies":{"fis":"^1.8.6"},"readme":"# eelly test","readmeFilename":"README.md","_id":"eelly@0.0.2","_shasum":"fc78573b6e03137e05cfca955ca7b2139ba22819","_from":"e:/eelly","_npmVersion":"1.4.28","_npmUser":{"name":"zhanqiancheng","email":"chocolate0607@163.com"},"maintainers":[{"name":"zhanqiancheng","email":"chocolate0607@163.com"}],"dist":{"shasum":"fc78573b6e03137e05cfca955ca7b2139ba22819","tarball":"http://registry.npmjs.org/eelly/-/eelly-0.0.2.tgz"}}: eelly
42 error     at RegClient.<anonymous> (E:\Program Files\nodejs\node_modules\npm\node_modules\npm-registry-client\lib\request.js:308:14)
42 error     at Request._callback (E:\Program Files\nodejs\node_modules\npm\node_modules\npm-registry-client\lib\request.js:246:65)
42 error     at Request.self.callback (E:\Program Files\nodejs\node_modules\npm\node_modules\request\request.js:236:22)
42 error     at Request.emit (events.js:98:17)
42 error     at Request.<anonymous> (E:\Program Files\nodejs\node_modules\npm\node_modules\request\request.js:1142:14)
42 error     at Request.emit (events.js:117:20)
42 error     at IncomingMessage.<anonymous> (E:\Program Files\nodejs\node_modules\npm\node_modules\request\request.js:1096:12)
42 error     at IncomingMessage.emit (events.js:117:20)
42 error     at _stream_readable.js:943:16
42 error     at process._tickCallback (node.js:419:13)
43 error If you need help, you may report this *entire* log,
43 error including the npm and node versions, at:
43 error     <http://github.com/npm/npm/issues>
44 error System Windows_NT 6.2.9200
45 error command "E:\\Program Files\\nodejs\\\\node.exe" "E:\\Program Files\\nodejs\\node_modules\\npm\\bin\\npm-cli.js" "publish" "e:/eelly"
46 error cwd E:\eelly
47 error node -v v0.10.32
48 error npm -v 1.4.28
49 verbose exit [ 1, true ]
